[viz/all] checkpoint cfg: mode=1  attn_layers=0  head_depth=3  delta_endpoint_channels=32
[viz/all] loading triplets …
[viz/all] 12 train + 171 test triplets
[viz/all] built 366 records (each triplet → 2 directions)
[viz/all] force injection ON — loaded UMA force head
[viz/all] 1 checkpoint(s) to render: ['checkpoint_epoch_01000']

[viz/all] === checkpoint_epoch_01000  (ema) ===
[viz/all]   Li-to-ref-saddle distance: median=0.041 Å  P95=17.101 Å  max=19.574 Å
[viz/all]   wrote trajectories_K25_ema.png  (1810.0s total: load 0.2s, integrate 1808.8s, plot 1.0s)

[viz/all] === checkpoint_epoch_01000  (raw) ===
[viz/all]   Li-to-ref-saddle distance: median=0.038 Å  P95=17.103 Å  max=19.576 Å
[viz/all]   wrote trajectories_K25_raw.png  (1816.1s total: load 0.3s, integrate 1815.0s, plot 0.8s)

=== timing summary ===
checkpoint                       load   integrate     plot    total
checkpoint_epoch_01000/ema        0.2s      1808.8s      1.0s   1810.0s
checkpoint_epoch_01000/raw        0.3s      1815.0s      0.8s   1816.1s
[viz/all] checkpoint cfg: mode=1  attn_layers=0  head_depth=3  delta_endpoint_channels=32
[viz/all] loading triplets …
[viz/all] 12 train + 171 test triplets
[viz/all] built 366 records (each triplet → 2 directions)
[viz/all] force injection ON — loaded UMA force head
[viz/all] 1 checkpoint(s) to render: ['checkpoint_epoch_05000']

[viz/all] === checkpoint_epoch_05000  (ema) ===
[viz/all]   Li-to-ref-saddle distance: median=0.038 Å  P95=17.100 Å  max=19.574 Å
[viz/all]   wrote trajectories_K25_ema.png  (1810.8s total: load 0.1s, integrate 1809.6s, plot 1.0s)

[viz/all] === checkpoint_epoch_05000  (raw) ===
[viz/all]   Li-to-ref-saddle distance: median=0.034 Å  P95=17.093 Å  max=19.565 Å
[viz/all]   wrote trajectories_K25_raw.png  (1813.4s total: load 0.3s, integrate 1812.3s, plot 0.8s)

=== timing summary ===
checkpoint                       load   integrate     plot    total
checkpoint_epoch_05000/ema        0.1s      1809.6s      1.0s   1810.8s
checkpoint_epoch_05000/raw        0.3s      1812.3s      0.8s   1813.4s
[viz/all] checkpoint cfg: mode=1  attn_layers=0  head_depth=3  delta_endpoint_channels=32
[viz/all] loading triplets …
[viz/all] 12 train + 171 test triplets
[viz/all] built 366 records (each triplet → 2 directions)
[viz/all] force injection ON — loaded UMA force head
[viz/all] 1 checkpoint(s) to render: ['checkpoint_epoch_09000']

[viz/all] === checkpoint_epoch_09000  (ema) ===
[viz/all]   Li-to-ref-saddle distance: median=0.041 Å  P95=17.099 Å  max=19.575 Å
[viz/all]   wrote trajectories_K25_ema.png  (1806.1s total: load 0.1s, integrate 1805.2s, plot 0.8s)

[viz/all] === checkpoint_epoch_09000  (raw) ===
[viz/all]   Li-to-ref-saddle distance: median=0.040 Å  P95=17.099 Å  max=19.575 Å
[viz/all]   wrote trajectories_K25_raw.png  (1808.0s total: load 0.3s, integrate 1806.6s, plot 1.0s)

=== timing summary ===
checkpoint                       load   integrate     plot    total
checkpoint_epoch_09000/ema        0.1s      1805.2s      0.8s   1806.1s
checkpoint_epoch_09000/raw        0.3s      1806.6s      1.0s   1808.0s
