Traceback (most recent call last):
  File "/home/ilgar/code/SaddleGen/examples/LiC/visualize_mode1_all.py", line 501, in <module>
    main()
  File "/home/ilgar/code/SaddleGen/examples/LiC/visualize_mode1_all.py", line 388, in main
    arch = architecture_from_config(run_dir)
           ^^^^^^^^^^^^^^^^^^^^^^^^^^^^^^^^^
  File "/home/ilgar/code/SaddleGen/examples/LiC/visualize_mode1_all.py", line 87, in architecture_from_config
    raise FileNotFoundError(f"missing {cfg_path} — rebuilding the architecture needs it.")
FileNotFoundError: missing examples/LiC/runs/mode1_v6/config.json — rebuilding the architecture needs it.
[viz/all] checkpoint cfg: mode=1  attn_layers=0  head_depth=3  delta_endpoint_channels=32
[viz/all] loading triplets …
[viz/all] 12 train + 171 test triplets
[viz/all] built 366 records (each triplet → 2 directions)
[viz/all] force injection ON — loaded UMA force head
[viz/all] 1 checkpoint(s) to render: ['checkpoint_final']

[viz/all] === checkpoint_final  (ema) ===
[viz/all]   Li-to-ref-saddle distance: median=0.035 Å  P95=17.104 Å  max=19.580 Å
[viz/all]   wrote trajectories_K25_ema.png  (1799.5s total: load 1.1s, integrate 1797.4s, plot 1.0s)

[viz/all] === checkpoint_final  (raw) ===
[viz/all]   Li-to-ref-saddle distance: median=0.035 Å  P95=17.107 Å  max=19.583 Å
[viz/all]   wrote trajectories_K25_raw.png  (1805.8s total: load 2.2s, integrate 1802.8s, plot 0.8s)

=== timing summary ===
checkpoint                       load   integrate     plot    total
checkpoint_final/ema              1.1s      1797.4s      1.0s   1799.5s
checkpoint_final/raw              2.2s      1802.8s      0.8s   1805.8s
