[train] dataset: /home/ilgar/code/SaddleGen/examples/LiC_simpler/one_saddle.traj
[train] 2 records (1 triplets × 2 sides), <||Δ||> = 1.2612 Å
[train] mode 1 — product-conditional (no noise on x_0)
[train] delta_endpoint_channels=32  (M=1)
[train] loading backbone 'uma-s-1p2' onto cuda
[train] backbone K4L2 (sphere_channels=128), frozen
[train] attn_layers=0  head_depth=1
[train] trainable params: 103,297
[train] trainable params: 103,297
[train] total steps: 10000  (epochs 10000 × 1 batches)
[train] starting at epoch 0, global step 0
[train] ep    0 step       0 mode 1 loss 1.6138  lr 1.00e-05  n_mobile 2
[train] ep  200 step     200 mode 1 loss 0.0028  lr 1.00e-03  n_mobile 2
[train] ep  400 step     400 mode 1 loss 0.0035  lr 9.98e-04  n_mobile 2
[train] saved checkpoint → examples/LiC_simpler/runs/mode1_v0/checkpoint_epoch_00500
[train] ep  600 step     600 mode 1 loss 0.0021  lr 9.94e-04  n_mobile 2
[train] ep  800 step     800 mode 1 loss 0.0004  lr 9.88e-04  n_mobile 2
[train] saved checkpoint → examples/LiC_simpler/runs/mode1_v0/checkpoint_epoch_01000
[train] ep 1000 step    1000 mode 1 loss 0.0008  lr 9.80e-04  n_mobile 2
[train] ep 1200 step    1200 mode 1 loss 0.0008  lr 9.70e-04  n_mobile 2
[train] ep 1400 step    1400 mode 1 loss 0.0010  lr 9.58e-04  n_mobile 2
[train] saved checkpoint → examples/LiC_simpler/runs/mode1_v0/checkpoint_epoch_01500
[train] ep 1600 step    1600 mode 1 loss 0.0017  lr 9.44e-04  n_mobile 2
[train] ep 1800 step    1800 mode 1 loss 0.0009  lr 9.29e-04  n_mobile 2
[train] saved checkpoint → examples/LiC_simpler/runs/mode1_v0/checkpoint_epoch_02000
[train] ep 2000 step    2000 mode 1 loss 0.0009  lr 9.12e-04  n_mobile 2
[train] ep 2200 step    2200 mode 1 loss 0.0004  lr 8.93e-04  n_mobile 2
[train] ep 2400 step    2400 mode 1 loss 0.0011  lr 8.73e-04  n_mobile 2
[train] saved checkpoint → examples/LiC_simpler/runs/mode1_v0/checkpoint_epoch_02500
[train] ep 2600 step    2600 mode 1 loss 0.0008  lr 8.51e-04  n_mobile 2
[train] ep 2800 step    2800 mode 1 loss 0.0008  lr 8.27e-04  n_mobile 2
[train] saved checkpoint → examples/LiC_simpler/runs/mode1_v0/checkpoint_epoch_03000
[train] ep 3000 step    3000 mode 1 loss 0.0028  lr 8.03e-04  n_mobile 2
[train] ep 3200 step    3200 mode 1 loss 0.0008  lr 7.77e-04  n_mobile 2
[train] ep 3400 step    3400 mode 1 loss 0.0009  lr 7.50e-04  n_mobile 2
[train] saved checkpoint → examples/LiC_simpler/runs/mode1_v0/checkpoint_epoch_03500
[train] ep 3600 step    3600 mode 1 loss 0.0007  lr 7.22e-04  n_mobile 2
[train] ep 3800 step    3800 mode 1 loss 0.0006  lr 6.93e-04  n_mobile 2
[train] saved checkpoint → examples/LiC_simpler/runs/mode1_v0/checkpoint_epoch_04000
[train] ep 4000 step    4000 mode 1 loss 0.0004  lr 6.63e-04  n_mobile 2
[train] ep 4200 step    4200 mode 1 loss 0.0004  lr 6.33e-04  n_mobile 2
[train] ep 4400 step    4400 mode 1 loss 0.0001  lr 6.02e-04  n_mobile 2
[train] saved checkpoint → examples/LiC_simpler/runs/mode1_v0/checkpoint_epoch_04500
[train] ep 4600 step    4600 mode 1 loss 0.0004  lr 5.71e-04  n_mobile 2
[train] ep 4800 step    4800 mode 1 loss 0.0003  lr 5.39e-04  n_mobile 2
[train] saved checkpoint → examples/LiC_simpler/runs/mode1_v0/checkpoint_epoch_05000
[train] ep 5000 step    5000 mode 1 loss 0.0004  lr 5.08e-04  n_mobile 2
[train] ep 5200 step    5200 mode 1 loss 0.0002  lr 4.76e-04  n_mobile 2
[train] ep 5400 step    5400 mode 1 loss 0.0005  lr 4.44e-04  n_mobile 2
[train] saved checkpoint → examples/LiC_simpler/runs/mode1_v0/checkpoint_epoch_05500
[train] ep 5600 step    5600 mode 1 loss 0.0002  lr 4.13e-04  n_mobile 2
[train] ep 5800 step    5800 mode 1 loss 0.0004  lr 3.82e-04  n_mobile 2
[train] saved checkpoint → examples/LiC_simpler/runs/mode1_v0/checkpoint_epoch_06000
[train] ep 6000 step    6000 mode 1 loss 0.0002  lr 3.51e-04  n_mobile 2
[train] ep 6200 step    6200 mode 1 loss 0.0000  lr 3.21e-04  n_mobile 2
[train] ep 6400 step    6400 mode 1 loss 0.0015  lr 2.92e-04  n_mobile 2
[train] saved checkpoint → examples/LiC_simpler/runs/mode1_v0/checkpoint_epoch_06500
[train] ep 6600 step    6600 mode 1 loss 0.0002  lr 2.64e-04  n_mobile 2
[train] ep 6800 step    6800 mode 1 loss 0.0003  lr 2.36e-04  n_mobile 2
[train] saved checkpoint → examples/LiC_simpler/runs/mode1_v0/checkpoint_epoch_07000
[train] ep 7000 step    7000 mode 1 loss 0.0002  lr 2.10e-04  n_mobile 2
[train] ep 7200 step    7200 mode 1 loss 0.0003  lr 1.85e-04  n_mobile 2
[train] ep 7400 step    7400 mode 1 loss 0.0002  lr 1.61e-04  n_mobile 2
[train] saved checkpoint → examples/LiC_simpler/runs/mode1_v0/checkpoint_epoch_07500
[train] ep 7600 step    7600 mode 1 loss 0.0001  lr 1.38e-04  n_mobile 2
[train] ep 7800 step    7800 mode 1 loss 0.0001  lr 1.17e-04  n_mobile 2
[train] saved checkpoint → examples/LiC_simpler/runs/mode1_v0/checkpoint_epoch_08000
[train] ep 8000 step    8000 mode 1 loss 0.0001  lr 9.73e-05  n_mobile 2
[train] ep 8200 step    8200 mode 1 loss 0.0002  lr 7.93e-05  n_mobile 2
[train] ep 8400 step    8400 mode 1 loss 0.0001  lr 6.30e-05  n_mobile 2
[train] saved checkpoint → examples/LiC_simpler/runs/mode1_v0/checkpoint_epoch_08500
[train] ep 8600 step    8600 mode 1 loss 0.0001  lr 4.85e-05  n_mobile 2
[train] ep 8800 step    8800 mode 1 loss 0.0003  lr 3.58e-05  n_mobile 2
[train] saved checkpoint → examples/LiC_simpler/runs/mode1_v0/checkpoint_epoch_09000
[train] ep 9000 step    9000 mode 1 loss 0.0000  lr 2.49e-05  n_mobile 2
[train] ep 9200 step    9200 mode 1 loss 0.0002  lr 1.60e-05  n_mobile 2
[train] ep 9400 step    9400 mode 1 loss 0.0000  lr 1.00e-05  n_mobile 2
[train] saved checkpoint → examples/LiC_simpler/runs/mode1_v0/checkpoint_epoch_09500
[train] ep 9600 step    9600 mode 1 loss 0.0003  lr 1.00e-05  n_mobile 2
[train] ep 9800 step    9800 mode 1 loss 0.0000  lr 1.00e-05  n_mobile 2
[train] saved checkpoint → examples/LiC_simpler/runs/mode1_v0/checkpoint_epoch_10000
[train] saved checkpoint → examples/LiC_simpler/runs/mode1_v0/checkpoint_final
[train] done. total time 18.05 min
