[train] dataset: /home/ilgar/code/SaddleGen/examples/LiC/train_set.traj
[train] 24 records (12 triplets × 2 sides), <||Δ||> = 1.2776 Å
[train] mode 1 — product-conditional (no noise on x_0)
[train] delta_endpoint_channels=32  (M=1)
[train] loading backbone 'uma-s-1p2' onto cuda
[train] backbone wrapped with TimeFiLMBackbone — time-FiLM at blocks [-2, -1]  force_film=False
[train] inject_force=True — loaded UMA force head (frozen, eval, stress off)
[train] backbone K4L2 (sphere_channels=128), frozen=partial
[train] attn_layers=0  head_depth=3  early_time_film=True  unfreeze_uma_last=True
[train] trainable: head+attn(+early_film) = 346,497  unfrozen UMA = 145,475,072
[train] param_group[0] 'head_attn_film': 346,497 params  lr=1.00e-03  wd=1e-05
[train] param_group[1] 'uma_unfrozen': 145,475,072 params  lr=1.00e-05  wd=1e-05
[train] trainable params: 145,821,569
[train] total steps: 60000  (epochs 10000 × 6 batches)
[train] starting at epoch 0, global step 0
[train] ep    0 step       0 mode 1 loss 1.6036  lr 1.00e-05  n_mobile 4
[train] ep   33 step     200 mode 1 loss 0.0852  lr 1.00e-03  n_mobile 4
[train] ep   66 step     400 mode 1 loss 0.0403  lr 1.00e-03  n_mobile 4
[train] ep  100 step     600 mode 1 loss 0.0307  lr 1.00e-03  n_mobile 4
[train] ep  133 step     800 mode 1 loss 0.0328  lr 1.00e-03  n_mobile 4
[train] ep  166 step    1000 mode 1 loss 0.0365  lr 9.99e-04  n_mobile 4
[train] ep  200 step    1200 mode 1 loss 0.0185  lr 9.99e-04  n_mobile 4
[train] ep  233 step    1400 mode 1 loss 0.0041  lr 9.99e-04  n_mobile 4
[train] ep  266 step    1600 mode 1 loss 0.0105  lr 9.98e-04  n_mobile 4
[train] ep  300 step    1800 mode 1 loss 0.0153  lr 9.98e-04  n_mobile 4
[train] ep  333 step    2000 mode 1 loss 0.0109  lr 9.98e-04  n_mobile 4
[train] ep  366 step    2200 mode 1 loss 0.0088  lr 9.97e-04  n_mobile 4
[train] ep  400 step    2400 mode 1 loss 0.0115  lr 9.96e-04  n_mobile 4
[train] ep  433 step    2600 mode 1 loss 0.0208  lr 9.96e-04  n_mobile 4
[train] ep  466 step    2800 mode 1 loss 0.0158  lr 9.95e-04  n_mobile 4
[train] ep  500 step    3000 mode 1 loss 0.0075  lr 9.94e-04  n_mobile 4
[train] ep  533 step    3200 mode 1 loss 0.0046  lr 9.93e-04  n_mobile 4
[train] ep  566 step    3400 mode 1 loss 0.0096  lr 9.93e-04  n_mobile 4
[train] ep  600 step    3600 mode 1 loss 0.0108  lr 9.92e-04  n_mobile 4
[train] ep  633 step    3800 mode 1 loss 0.0057  lr 9.91e-04  n_mobile 4
[train] ep  666 step    4000 mode 1 loss 0.0079  lr 9.90e-04  n_mobile 4
[train] ep  700 step    4200 mode 1 loss 0.0099  lr 9.88e-04  n_mobile 4
[train] ep  733 step    4400 mode 1 loss 0.0075  lr 9.87e-04  n_mobile 4
[train] ep  766 step    4600 mode 1 loss 0.0021  lr 9.86e-04  n_mobile 4
[train] ep  800 step    4800 mode 1 loss 0.0055  lr 9.85e-04  n_mobile 4
[train] ep  833 step    5000 mode 1 loss 0.0123  lr 9.84e-04  n_mobile 4
[train] ep  866 step    5200 mode 1 loss 0.0064  lr 9.82e-04  n_mobile 4
[train] ep  900 step    5400 mode 1 loss 0.0028  lr 9.81e-04  n_mobile 4
[train] ep  933 step    5600 mode 1 loss 0.0096  lr 9.79e-04  n_mobile 4
[train] ep  966 step    5800 mode 1 loss 0.0061  lr 9.78e-04  n_mobile 4
WARNING:accelerate.utils.other:[RANK 0] Removed shared tensor {'backbone.film.mlp.0.bias', 'backbone.film.mlp.2.bias', 'backbone.film.mlp.2.weight', 'backbone.film.mlp.0.weight'} while saving. This should be OK, but check by verifying that you don't receive any warning while reloading
[train] saved checkpoint → examples/LiC/runs/mode1_v5/checkpoint_epoch_01000
[train] ep 1000 step    6000 mode 1 loss 0.0121  lr 9.76e-04  n_mobile 4
[train] ep 1033 step    6200 mode 1 loss 0.0049  lr 9.75e-04  n_mobile 4
[train] ep 1066 step    6400 mode 1 loss 0.0031  lr 9.73e-04  n_mobile 4
[train] ep 1100 step    6600 mode 1 loss 0.0042  lr 9.71e-04  n_mobile 4
[train] ep 1133 step    6800 mode 1 loss 0.0051  lr 9.69e-04  n_mobile 4
[train] ep 1166 step    7000 mode 1 loss 0.0009  lr 9.68e-04  n_mobile 4
[train] ep 1200 step    7200 mode 1 loss 0.0025  lr 9.66e-04  n_mobile 4
[train] ep 1233 step    7400 mode 1 loss 0.0034  lr 9.64e-04  n_mobile 4
[train] ep 1266 step    7600 mode 1 loss 0.0043  lr 9.62e-04  n_mobile 4
[train] ep 1300 step    7800 mode 1 loss 0.0049  lr 9.60e-04  n_mobile 4
[train] ep 1333 step    8000 mode 1 loss 0.0047  lr 9.58e-04  n_mobile 4
[train] ep 1366 step    8200 mode 1 loss 0.0058  lr 9.56e-04  n_mobile 4
[train] ep 1400 step    8400 mode 1 loss 0.0057  lr 9.53e-04  n_mobile 4
[train] ep 1433 step    8600 mode 1 loss 0.0035  lr 9.51e-04  n_mobile 4
[train] ep 1466 step    8800 mode 1 loss 0.0065  lr 9.49e-04  n_mobile 4
[train] ep 1500 step    9000 mode 1 loss 0.0037  lr 9.46e-04  n_mobile 4
[train] ep 1533 step    9200 mode 1 loss 0.0079  lr 9.44e-04  n_mobile 4
[train] ep 1566 step    9400 mode 1 loss 0.0049  lr 9.42e-04  n_mobile 4
[train] ep 1600 step    9600 mode 1 loss 0.0132  lr 9.39e-04  n_mobile 4
[train] ep 1633 step    9800 mode 1 loss 0.0055  lr 9.37e-04  n_mobile 4
[train] ep 1666 step   10000 mode 1 loss 0.0093  lr 9.34e-04  n_mobile 4
[train] ep 1700 step   10200 mode 1 loss 0.0039  lr 9.31e-04  n_mobile 4
[train] ep 1733 step   10400 mode 1 loss 0.0041  lr 9.29e-04  n_mobile 4
[train] ep 1766 step   10600 mode 1 loss 0.0059  lr 9.26e-04  n_mobile 4
[train] ep 1800 step   10800 mode 1 loss 0.0084  lr 9.23e-04  n_mobile 4
[train] ep 1833 step   11000 mode 1 loss 0.0067  lr 9.20e-04  n_mobile 4
[train] ep 1866 step   11200 mode 1 loss 0.0083  lr 9.18e-04  n_mobile 4
[train] ep 1900 step   11400 mode 1 loss 0.0042  lr 9.15e-04  n_mobile 4
[train] ep 1933 step   11600 mode 1 loss 0.0058  lr 9.12e-04  n_mobile 4
[train] ep 1966 step   11800 mode 1 loss 0.0034  lr 9.09e-04  n_mobile 4
WARNING:accelerate.utils.other:[RANK 0] Removed shared tensor {'backbone.film.mlp.0.bias', 'backbone.film.mlp.2.bias', 'backbone.film.mlp.2.weight', 'backbone.film.mlp.0.weight'} while saving. This should be OK, but check by verifying that you don't receive any warning while reloading
[train] saved checkpoint → examples/LiC/runs/mode1_v5/checkpoint_epoch_02000
[train] ep 2000 step   12000 mode 1 loss 0.0078  lr 9.06e-04  n_mobile 4
[train] ep 2033 step   12200 mode 1 loss 0.0028  lr 9.03e-04  n_mobile 4
[train] ep 2066 step   12400 mode 1 loss 0.0075  lr 9.00e-04  n_mobile 4
[train] ep 2100 step   12600 mode 1 loss 0.0064  lr 8.96e-04  n_mobile 4
[train] ep 2133 step   12800 mode 1 loss 0.0056  lr 8.93e-04  n_mobile 4
[train] ep 2166 step   13000 mode 1 loss 0.0064  lr 8.90e-04  n_mobile 4
[train] ep 2200 step   13200 mode 1 loss 0.0012  lr 8.87e-04  n_mobile 4
[train] ep 2233 step   13400 mode 1 loss 0.0018  lr 8.83e-04  n_mobile 4
[train] ep 2266 step   13600 mode 1 loss 0.0061  lr 8.80e-04  n_mobile 4
[train] ep 2300 step   13800 mode 1 loss 0.0022  lr 8.76e-04  n_mobile 4
[train] ep 2333 step   14000 mode 1 loss 0.0128  lr 8.73e-04  n_mobile 4
[train] ep 2366 step   14200 mode 1 loss 0.0009  lr 8.69e-04  n_mobile 4
[train] ep 2400 step   14400 mode 1 loss 0.0007  lr 8.66e-04  n_mobile 4
[train] ep 2433 step   14600 mode 1 loss 0.0018  lr 8.62e-04  n_mobile 4
[train] ep 2466 step   14800 mode 1 loss 0.0041  lr 8.59e-04  n_mobile 4
[train] ep 2500 step   15000 mode 1 loss 0.0021  lr 8.55e-04  n_mobile 4
[train] ep 2533 step   15200 mode 1 loss 0.0048  lr 8.51e-04  n_mobile 4
[train] ep 2566 step   15400 mode 1 loss 0.0010  lr 8.47e-04  n_mobile 4
[train] ep 2600 step   15600 mode 1 loss 0.0041  lr 8.44e-04  n_mobile 4
[train] ep 2633 step   15800 mode 1 loss 0.0038  lr 8.40e-04  n_mobile 4
[train] ep 2666 step   16000 mode 1 loss 0.0070  lr 8.36e-04  n_mobile 4
[train] ep 2700 step   16200 mode 1 loss 0.0030  lr 8.32e-04  n_mobile 4
[train] ep 2733 step   16400 mode 1 loss 0.0058  lr 8.28e-04  n_mobile 4
[train] ep 2766 step   16600 mode 1 loss 0.0018  lr 8.24e-04  n_mobile 4
[train] ep 2800 step   16800 mode 1 loss 0.0019  lr 8.20e-04  n_mobile 4
[train] ep 2833 step   17000 mode 1 loss 0.0020  lr 8.16e-04  n_mobile 4
[train] ep 2866 step   17200 mode 1 loss 0.0041  lr 8.12e-04  n_mobile 4
[train] ep 2900 step   17400 mode 1 loss 0.0006  lr 8.08e-04  n_mobile 4
[train] ep 2933 step   17600 mode 1 loss 0.0044  lr 8.04e-04  n_mobile 4
[train] ep 2966 step   17800 mode 1 loss 0.0033  lr 8.00e-04  n_mobile 4
WARNING:accelerate.utils.other:[RANK 0] Removed shared tensor {'backbone.film.mlp.0.bias', 'backbone.film.mlp.2.bias', 'backbone.film.mlp.2.weight', 'backbone.film.mlp.0.weight'} while saving. This should be OK, but check by verifying that you don't receive any warning while reloading
[train] saved checkpoint → examples/LiC/runs/mode1_v5/checkpoint_epoch_03000
[train] ep 3000 step   18000 mode 1 loss 0.0017  lr 7.95e-04  n_mobile 4
[train] ep 3033 step   18200 mode 1 loss 0.0025  lr 7.91e-04  n_mobile 4
[train] ep 3066 step   18400 mode 1 loss 0.0127  lr 7.87e-04  n_mobile 4
[train] ep 3100 step   18600 mode 1 loss 0.0029  lr 7.83e-04  n_mobile 4
[train] ep 3133 step   18800 mode 1 loss 0.0012  lr 7.78e-04  n_mobile 4
[train] ep 3166 step   19000 mode 1 loss 0.0008  lr 7.74e-04  n_mobile 4
[train] ep 3200 step   19200 mode 1 loss 0.0021  lr 7.69e-04  n_mobile 4
[train] ep 3233 step   19400 mode 1 loss 0.0030  lr 7.65e-04  n_mobile 4
[train] ep 3266 step   19600 mode 1 loss 0.0057  lr 7.60e-04  n_mobile 4
[train] ep 3300 step   19800 mode 1 loss 0.0024  lr 7.56e-04  n_mobile 4
[train] ep 3333 step   20000 mode 1 loss 0.0031  lr 7.51e-04  n_mobile 4
[train] ep 3366 step   20200 mode 1 loss 0.0035  lr 7.47e-04  n_mobile 4
[train] ep 3400 step   20400 mode 1 loss 0.0030  lr 7.42e-04  n_mobile 4
[train] ep 3433 step   20600 mode 1 loss 0.0071  lr 7.38e-04  n_mobile 4
[train] ep 3466 step   20800 mode 1 loss 0.0024  lr 7.33e-04  n_mobile 4
[train] ep 3500 step   21000 mode 1 loss 0.0014  lr 7.28e-04  n_mobile 4
[train] ep 3533 step   21200 mode 1 loss 0.0020  lr 7.24e-04  n_mobile 4
[train] ep 3566 step   21400 mode 1 loss 0.0010  lr 7.19e-04  n_mobile 4
[train] ep 3600 step   21600 mode 1 loss 0.0014  lr 7.14e-04  n_mobile 4
[train] ep 3633 step   21800 mode 1 loss 0.0015  lr 7.10e-04  n_mobile 4
[train] ep 3666 step   22000 mode 1 loss 0.0006  lr 7.05e-04  n_mobile 4
[train] ep 3700 step   22200 mode 1 loss 0.0010  lr 7.00e-04  n_mobile 4
[train] ep 3733 step   22400 mode 1 loss 0.0034  lr 6.95e-04  n_mobile 4
[train] ep 3766 step   22600 mode 1 loss 0.0005  lr 6.90e-04  n_mobile 4
[train] ep 3800 step   22800 mode 1 loss 0.0003  lr 6.86e-04  n_mobile 4
[train] ep 3833 step   23000 mode 1 loss 0.0035  lr 6.81e-04  n_mobile 4
[train] ep 3866 step   23200 mode 1 loss 0.0009  lr 6.76e-04  n_mobile 4
[train] ep 3900 step   23400 mode 1 loss 0.0005  lr 6.71e-04  n_mobile 4
[train] ep 3933 step   23600 mode 1 loss 0.0020  lr 6.66e-04  n_mobile 4
[train] ep 3966 step   23800 mode 1 loss 0.0014  lr 6.61e-04  n_mobile 4
WARNING:accelerate.utils.other:[RANK 0] Removed shared tensor {'backbone.film.mlp.0.bias', 'backbone.film.mlp.2.bias', 'backbone.film.mlp.2.weight', 'backbone.film.mlp.0.weight'} while saving. This should be OK, but check by verifying that you don't receive any warning while reloading
[train] saved checkpoint → examples/LiC/runs/mode1_v5/checkpoint_epoch_04000
[train] ep 4000 step   24000 mode 1 loss 0.0032  lr 6.56e-04  n_mobile 4
[train] ep 4033 step   24200 mode 1 loss 0.0044  lr 6.51e-04  n_mobile 4
[train] ep 4066 step   24400 mode 1 loss 0.0014  lr 6.46e-04  n_mobile 4
[train] ep 4100 step   24600 mode 1 loss 0.0062  lr 6.41e-04  n_mobile 4
[train] ep 4133 step   24800 mode 1 loss 0.0011  lr 6.36e-04  n_mobile 4
[train] ep 4166 step   25000 mode 1 loss 0.0050  lr 6.31e-04  n_mobile 4
[train] ep 4200 step   25200 mode 1 loss 0.0016  lr 6.26e-04  n_mobile 4
[train] ep 4233 step   25400 mode 1 loss 0.0021  lr 6.21e-04  n_mobile 4
[train] ep 4266 step   25600 mode 1 loss 0.0008  lr 6.16e-04  n_mobile 4
[train] ep 4300 step   25800 mode 1 loss 0.0014  lr 6.11e-04  n_mobile 4
[train] ep 4333 step   26000 mode 1 loss 0.0009  lr 6.05e-04  n_mobile 4
[train] ep 4366 step   26200 mode 1 loss 0.0012  lr 6.00e-04  n_mobile 4
[train] ep 4400 step   26400 mode 1 loss 0.0004  lr 5.95e-04  n_mobile 4
[train] ep 4433 step   26600 mode 1 loss 0.0026  lr 5.90e-04  n_mobile 4
[train] ep 4466 step   26800 mode 1 loss 0.0012  lr 5.85e-04  n_mobile 4
[train] ep 4500 step   27000 mode 1 loss 0.0019  lr 5.80e-04  n_mobile 4
[train] ep 4533 step   27200 mode 1 loss 0.0005  lr 5.74e-04  n_mobile 4
[train] ep 4566 step   27400 mode 1 loss 0.0012  lr 5.69e-04  n_mobile 4
[train] ep 4600 step   27600 mode 1 loss 0.0008  lr 5.64e-04  n_mobile 4
[train] ep 4633 step   27800 mode 1 loss 0.0003  lr 5.59e-04  n_mobile 4
[train] ep 4666 step   28000 mode 1 loss 0.0012  lr 5.54e-04  n_mobile 4
[train] ep 4700 step   28200 mode 1 loss 0.0007  lr 5.48e-04  n_mobile 4
[train] ep 4733 step   28400 mode 1 loss 0.0012  lr 5.43e-04  n_mobile 4
[train] ep 4766 step   28600 mode 1 loss 0.0006  lr 5.38e-04  n_mobile 4
[train] ep 4800 step   28800 mode 1 loss 0.0018  lr 5.33e-04  n_mobile 4
[train] ep 4833 step   29000 mode 1 loss 0.0011  lr 5.27e-04  n_mobile 4
[train] ep 4866 step   29200 mode 1 loss 0.0005  lr 5.22e-04  n_mobile 4
[train] ep 4900 step   29400 mode 1 loss 0.0020  lr 5.17e-04  n_mobile 4
[train] ep 4933 step   29600 mode 1 loss 0.0008  lr 5.12e-04  n_mobile 4
[train] ep 4966 step   29800 mode 1 loss 0.0006  lr 5.07e-04  n_mobile 4
WARNING:accelerate.utils.other:[RANK 0] Removed shared tensor {'backbone.film.mlp.0.bias', 'backbone.film.mlp.2.bias', 'backbone.film.mlp.2.weight', 'backbone.film.mlp.0.weight'} while saving. This should be OK, but check by verifying that you don't receive any warning while reloading
[train] saved checkpoint → examples/LiC/runs/mode1_v5/checkpoint_epoch_05000
[train] ep 5000 step   30000 mode 1 loss 0.0005  lr 5.01e-04  n_mobile 4
