Traceback (most recent call last):
  File "/home/ilgar/code/SaddleGen/examples/LiC/visualize_mode1_all.py", line 501, in <module>
    main()
  File "/home/ilgar/code/SaddleGen/examples/LiC/visualize_mode1_all.py", line 388, in main
    arch = architecture_from_config(run_dir)
           ^^^^^^^^^^^^^^^^^^^^^^^^^^^^^^^^^
  File "/home/ilgar/code/SaddleGen/examples/LiC/visualize_mode1_all.py", line 87, in architecture_from_config
    raise FileNotFoundError(f"missing {cfg_path} — rebuilding the architecture needs it.")
FileNotFoundError: missing examples/LiC/runs/mode1_v5/config.json — rebuilding the architecture needs it.
[viz/all] checkpoint cfg: mode=1  attn_layers=0  head_depth=3  delta_endpoint_channels=32
[viz/all] loading triplets …
[viz/all] 12 train + 171 test triplets
[viz/all] built 366 records (each triplet → 2 directions)
[viz/all] force injection ON — loaded UMA force head
[viz/all] 1 checkpoint(s) to render: ['checkpoint_final']

[viz/all] === checkpoint_final  (ema) ===
[viz/all]   Li-to-ref-saddle distance: median=0.041 Å  P95=17.100 Å  max=19.573 Å
[viz/all]   wrote trajectories_K25_ema.png  (1389.1s total: load 1.3s, integrate 1386.7s, plot 1.0s)

[viz/all] === checkpoint_final  (raw) ===
[viz/all]   Li-to-ref-saddle distance: median=0.041 Å  P95=17.103 Å  max=19.576 Å
[viz/all]   wrote trajectories_K25_raw.png  (1388.4s total: load 2.1s, integrate 1385.3s, plot 1.0s)

=== timing summary ===
checkpoint                       load   integrate     plot    total
checkpoint_final/ema              1.3s      1386.7s      1.0s   1389.1s
checkpoint_final/raw              2.1s      1385.3s      1.0s   1388.4s
