[train] dataset: /home/ilgar/code/SaddleGen/examples/LiC/train_set.traj
[train] 24 records (12 triplets × 2 sides), <||Δ||> = 1.2776 Å
[train] mode 1 — product-conditional (no noise on x_0)
[train] delta_endpoint_channels=32  (M=1)
[train] loading backbone 'uma-s-1p2' onto cuda
[train] backbone wrapped with TimeFiLMBackbone — early time-FiLM at block indices [-2, -1]
[train] inject_force=True — loaded UMA force head (frozen, eval, stress off)
[train] backbone K4L2 (sphere_channels=128), frozen=partial
[train] attn_layers=0  head_depth=3  early_time_film=True  unfreeze_uma_last=True
[train] trainable: head+attn(+early_film) = 346,497  unfrozen UMA = 145,475,072
[train] param_group[0] 'head_attn_film': 346,497 params  lr=1.00e-03  wd=1e-05
[train] param_group[1] 'uma_unfrozen': 145,475,072 params  lr=1.00e-05  wd=1e-05
[train] trainable params: 145,821,569
[train] total steps: 60000  (epochs 10000 × 6 batches)
[train] starting at epoch 0, global step 0
[train] ep    0 step       0 mode 1 loss 1.6036  lr 1.00e-05  n_mobile 4
[train] ep   33 step     200 mode 1 loss 0.0317  lr 1.00e-03  n_mobile 4
[train] ep   66 step     400 mode 1 loss 0.0397  lr 1.00e-03  n_mobile 4
[train] ep  100 step     600 mode 1 loss 0.0281  lr 1.00e-03  n_mobile 4
[train] ep  133 step     800 mode 1 loss 0.0185  lr 1.00e-03  n_mobile 4
[train] ep  166 step    1000 mode 1 loss 0.0071  lr 9.99e-04  n_mobile 4
[train] ep  200 step    1200 mode 1 loss 0.0203  lr 9.99e-04  n_mobile 4
[train] ep  233 step    1400 mode 1 loss 0.0039  lr 9.99e-04  n_mobile 4
[train] ep  266 step    1600 mode 1 loss 0.0069  lr 9.98e-04  n_mobile 4
[train] ep  300 step    1800 mode 1 loss 0.0112  lr 9.98e-04  n_mobile 4
[train] ep  333 step    2000 mode 1 loss 0.0035  lr 9.98e-04  n_mobile 4
[train] ep  366 step    2200 mode 1 loss 0.0072  lr 9.97e-04  n_mobile 4
[train] ep  400 step    2400 mode 1 loss 0.0064  lr 9.96e-04  n_mobile 4
[train] ep  433 step    2600 mode 1 loss 0.0094  lr 9.96e-04  n_mobile 4
[train] ep  466 step    2800 mode 1 loss 0.0099  lr 9.95e-04  n_mobile 4
[train] ep  500 step    3000 mode 1 loss 0.0018  lr 9.94e-04  n_mobile 4
[train] ep  533 step    3200 mode 1 loss 0.0027  lr 9.93e-04  n_mobile 4
[train] ep  566 step    3400 mode 1 loss 0.0056  lr 9.93e-04  n_mobile 4
[train] ep  600 step    3600 mode 1 loss 0.0043  lr 9.92e-04  n_mobile 4
[train] ep  633 step    3800 mode 1 loss 0.0065  lr 9.91e-04  n_mobile 4
[train] ep  666 step    4000 mode 1 loss 0.0067  lr 9.90e-04  n_mobile 4
[train] ep  700 step    4200 mode 1 loss 0.0113  lr 9.88e-04  n_mobile 4
[train] ep  733 step    4400 mode 1 loss 0.0028  lr 9.87e-04  n_mobile 4
[train] ep  766 step    4600 mode 1 loss 0.0066  lr 9.86e-04  n_mobile 4
[train] ep  800 step    4800 mode 1 loss 0.0022  lr 9.85e-04  n_mobile 4
[train] ep  833 step    5000 mode 1 loss 0.0020  lr 9.84e-04  n_mobile 4
[train] ep  866 step    5200 mode 1 loss 0.0062  lr 9.82e-04  n_mobile 4
[train] ep  900 step    5400 mode 1 loss 0.0034  lr 9.81e-04  n_mobile 4
[train] ep  933 step    5600 mode 1 loss 0.0055  lr 9.79e-04  n_mobile 4
[train] ep  966 step    5800 mode 1 loss 0.0043  lr 9.78e-04  n_mobile 4
WARNING:accelerate.utils.other:[RANK 0] Removed shared tensor {'backbone.film.mlp.0.weight', 'backbone.film.mlp.0.bias', 'backbone.film.mlp.2.weight', 'backbone.film.mlp.2.bias'} while saving. This should be OK, but check by verifying that you don't receive any warning while reloading
[train] saved checkpoint → examples/LiC/runs/mode1_v3/checkpoint_epoch_01000
[train] ep 1000 step    6000 mode 1 loss 0.0034  lr 9.76e-04  n_mobile 4
[train] ep 1033 step    6200 mode 1 loss 0.0082  lr 9.75e-04  n_mobile 4
[train] ep 1066 step    6400 mode 1 loss 0.0017  lr 9.73e-04  n_mobile 4
[train] ep 1100 step    6600 mode 1 loss 0.0076  lr 9.71e-04  n_mobile 4
[train] ep 1133 step    6800 mode 1 loss 0.0110  lr 9.69e-04  n_mobile 4
[train] ep 1166 step    7000 mode 1 loss 0.0021  lr 9.68e-04  n_mobile 4
[train] ep 1200 step    7200 mode 1 loss 0.0029  lr 9.66e-04  n_mobile 4
[train] ep 1233 step    7400 mode 1 loss 0.0031  lr 9.64e-04  n_mobile 4
[train] ep 1266 step    7600 mode 1 loss 0.0015  lr 9.62e-04  n_mobile 4
[train] ep 1300 step    7800 mode 1 loss 0.0023  lr 9.60e-04  n_mobile 4
[train] ep 1333 step    8000 mode 1 loss 0.0029  lr 9.58e-04  n_mobile 4
[train] ep 1366 step    8200 mode 1 loss 0.0022  lr 9.56e-04  n_mobile 4
[train] ep 1400 step    8400 mode 1 loss 0.0040  lr 9.53e-04  n_mobile 4
[train] ep 1433 step    8600 mode 1 loss 0.0007  lr 9.51e-04  n_mobile 4
[train] ep 1466 step    8800 mode 1 loss 0.0024  lr 9.49e-04  n_mobile 4
[train] ep 1500 step    9000 mode 1 loss 0.0025  lr 9.46e-04  n_mobile 4
[train] ep 1533 step    9200 mode 1 loss 0.0014  lr 9.44e-04  n_mobile 4
[train] ep 1566 step    9400 mode 1 loss 0.0023  lr 9.42e-04  n_mobile 4
[train] ep 1600 step    9600 mode 1 loss 0.0066  lr 9.39e-04  n_mobile 4
[train] ep 1633 step    9800 mode 1 loss 0.0019  lr 9.37e-04  n_mobile 4
[train] ep 1666 step   10000 mode 1 loss 0.0055  lr 9.34e-04  n_mobile 4
[train] ep 1700 step   10200 mode 1 loss 0.0019  lr 9.31e-04  n_mobile 4
[train] ep 1733 step   10400 mode 1 loss 0.0020  lr 9.29e-04  n_mobile 4
[train] ep 1766 step   10600 mode 1 loss 0.0026  lr 9.26e-04  n_mobile 4
[train] ep 1800 step   10800 mode 1 loss 0.0008  lr 9.23e-04  n_mobile 4
[train] ep 1833 step   11000 mode 1 loss 0.0019  lr 9.20e-04  n_mobile 4
[train] ep 1866 step   11200 mode 1 loss 0.0029  lr 9.18e-04  n_mobile 4
[train] ep 1900 step   11400 mode 1 loss 0.0012  lr 9.15e-04  n_mobile 4
[train] ep 1933 step   11600 mode 1 loss 0.0046  lr 9.12e-04  n_mobile 4
[train] ep 1966 step   11800 mode 1 loss 0.0019  lr 9.09e-04  n_mobile 4
WARNING:accelerate.utils.other:[RANK 0] Removed shared tensor {'backbone.film.mlp.0.weight', 'backbone.film.mlp.0.bias', 'backbone.film.mlp.2.weight', 'backbone.film.mlp.2.bias'} while saving. This should be OK, but check by verifying that you don't receive any warning while reloading
[train] saved checkpoint → examples/LiC/runs/mode1_v3/checkpoint_epoch_02000
[train] ep 2000 step   12000 mode 1 loss 0.0010  lr 9.06e-04  n_mobile 4
[train] ep 2033 step   12200 mode 1 loss 0.0008  lr 9.03e-04  n_mobile 4
[train] ep 2066 step   12400 mode 1 loss 0.0039  lr 9.00e-04  n_mobile 4
[train] ep 2100 step   12600 mode 1 loss 0.0010  lr 8.96e-04  n_mobile 4
[train] ep 2133 step   12800 mode 1 loss 0.0029  lr 8.93e-04  n_mobile 4
[train] ep 2166 step   13000 mode 1 loss 0.0004  lr 8.90e-04  n_mobile 4
[train] ep 2200 step   13200 mode 1 loss 0.0009  lr 8.87e-04  n_mobile 4
[train] ep 2233 step   13400 mode 1 loss 0.0048  lr 8.83e-04  n_mobile 4
[train] ep 2266 step   13600 mode 1 loss 0.0020  lr 8.80e-04  n_mobile 4
[train] ep 2300 step   13800 mode 1 loss 0.0011  lr 8.76e-04  n_mobile 4
[train] ep 2333 step   14000 mode 1 loss 0.0083  lr 8.73e-04  n_mobile 4
[train] ep 2366 step   14200 mode 1 loss 0.0020  lr 8.69e-04  n_mobile 4
[train] ep 2400 step   14400 mode 1 loss 0.0010  lr 8.66e-04  n_mobile 4
[train] ep 2433 step   14600 mode 1 loss 0.0003  lr 8.62e-04  n_mobile 4
[train] ep 2466 step   14800 mode 1 loss 0.0014  lr 8.59e-04  n_mobile 4
[train] ep 2500 step   15000 mode 1 loss 0.0004  lr 8.55e-04  n_mobile 4
[train] ep 2533 step   15200 mode 1 loss 0.0008  lr 8.51e-04  n_mobile 4
[train] ep 2566 step   15400 mode 1 loss 0.0017  lr 8.47e-04  n_mobile 4
[train] ep 2600 step   15600 mode 1 loss 0.0012  lr 8.44e-04  n_mobile 4
[train] ep 2633 step   15800 mode 1 loss 0.0039  lr 8.40e-04  n_mobile 4
[train] ep 2666 step   16000 mode 1 loss 0.0024  lr 8.36e-04  n_mobile 4
[train] ep 2700 step   16200 mode 1 loss 0.0009  lr 8.32e-04  n_mobile 4
[train] ep 2733 step   16400 mode 1 loss 0.0007  lr 8.28e-04  n_mobile 4
[train] ep 2766 step   16600 mode 1 loss 0.0013  lr 8.24e-04  n_mobile 4
[train] ep 2800 step   16800 mode 1 loss 0.0006  lr 8.20e-04  n_mobile 4
[train] ep 2833 step   17000 mode 1 loss 0.0002  lr 8.16e-04  n_mobile 4
[train] ep 2866 step   17200 mode 1 loss 0.0026  lr 8.12e-04  n_mobile 4
[train] ep 2900 step   17400 mode 1 loss 0.0014  lr 8.08e-04  n_mobile 4
[train] ep 2933 step   17600 mode 1 loss 0.0006  lr 8.04e-04  n_mobile 4
[train] ep 2966 step   17800 mode 1 loss 0.0046  lr 8.00e-04  n_mobile 4
WARNING:accelerate.utils.other:[RANK 0] Removed shared tensor {'backbone.film.mlp.0.weight', 'backbone.film.mlp.0.bias', 'backbone.film.mlp.2.weight', 'backbone.film.mlp.2.bias'} while saving. This should be OK, but check by verifying that you don't receive any warning while reloading
[train] saved checkpoint → examples/LiC/runs/mode1_v3/checkpoint_epoch_03000
[train] ep 3000 step   18000 mode 1 loss 0.0007  lr 7.95e-04  n_mobile 4
[train] ep 3033 step   18200 mode 1 loss 0.0007  lr 7.91e-04  n_mobile 4
[train] ep 3066 step   18400 mode 1 loss 0.0018  lr 7.87e-04  n_mobile 4
[train] ep 3100 step   18600 mode 1 loss 0.0005  lr 7.83e-04  n_mobile 4
[train] ep 3133 step   18800 mode 1 loss 0.0015  lr 7.78e-04  n_mobile 4
[train] ep 3166 step   19000 mode 1 loss 0.0003  lr 7.74e-04  n_mobile 4
[train] ep 3200 step   19200 mode 1 loss 0.0038  lr 7.69e-04  n_mobile 4
[train] ep 3233 step   19400 mode 1 loss 0.0006  lr 7.65e-04  n_mobile 4
[train] ep 3266 step   19600 mode 1 loss 0.0047  lr 7.60e-04  n_mobile 4
[train] ep 3300 step   19800 mode 1 loss 0.0005  lr 7.56e-04  n_mobile 4
[train] ep 3333 step   20000 mode 1 loss 0.0027  lr 7.51e-04  n_mobile 4
[train] ep 3366 step   20200 mode 1 loss 0.0018  lr 7.47e-04  n_mobile 4
[train] ep 3400 step   20400 mode 1 loss 0.0022  lr 7.42e-04  n_mobile 4
[train] ep 3433 step   20600 mode 1 loss 0.0040  lr 7.38e-04  n_mobile 4
[train] ep 3466 step   20800 mode 1 loss 0.0010  lr 7.33e-04  n_mobile 4
[train] ep 3500 step   21000 mode 1 loss 0.0011  lr 7.28e-04  n_mobile 4
[train] ep 3533 step   21200 mode 1 loss 0.0013  lr 7.24e-04  n_mobile 4
[train] ep 3566 step   21400 mode 1 loss 0.0009  lr 7.19e-04  n_mobile 4
[train] ep 3600 step   21600 mode 1 loss 0.0010  lr 7.14e-04  n_mobile 4
[train] ep 3633 step   21800 mode 1 loss 0.0023  lr 7.10e-04  n_mobile 4
[train] ep 3666 step   22000 mode 1 loss 0.0007  lr 7.05e-04  n_mobile 4
[train] ep 3700 step   22200 mode 1 loss 0.0007  lr 7.00e-04  n_mobile 4
[train] ep 3733 step   22400 mode 1 loss 0.0003  lr 6.95e-04  n_mobile 4
[train] ep 3766 step   22600 mode 1 loss 0.0005  lr 6.90e-04  n_mobile 4
[train] ep 3800 step   22800 mode 1 loss 0.0008  lr 6.86e-04  n_mobile 4
[train] ep 3833 step   23000 mode 1 loss 0.0016  lr 6.81e-04  n_mobile 4
[train] ep 3866 step   23200 mode 1 loss 0.0008  lr 6.76e-04  n_mobile 4
[train] ep 3900 step   23400 mode 1 loss 0.0011  lr 6.71e-04  n_mobile 4
[train] ep 3933 step   23600 mode 1 loss 0.0041  lr 6.66e-04  n_mobile 4
[train] ep 3966 step   23800 mode 1 loss 0.0002  lr 6.61e-04  n_mobile 4
WARNING:accelerate.utils.other:[RANK 0] Removed shared tensor {'backbone.film.mlp.0.weight', 'backbone.film.mlp.0.bias', 'backbone.film.mlp.2.weight', 'backbone.film.mlp.2.bias'} while saving. This should be OK, but check by verifying that you don't receive any warning while reloading
[train] saved checkpoint → examples/LiC/runs/mode1_v3/checkpoint_epoch_04000
[train] ep 4000 step   24000 mode 1 loss 0.0015  lr 6.56e-04  n_mobile 4
[train] ep 4033 step   24200 mode 1 loss 0.0014  lr 6.51e-04  n_mobile 4
[train] ep 4066 step   24400 mode 1 loss 0.0010  lr 6.46e-04  n_mobile 4
[train] ep 4100 step   24600 mode 1 loss 0.0015  lr 6.41e-04  n_mobile 4
[train] ep 4133 step   24800 mode 1 loss 0.0006  lr 6.36e-04  n_mobile 4
[train] ep 4166 step   25000 mode 1 loss 0.0059  lr 6.31e-04  n_mobile 4
[train] ep 4200 step   25200 mode 1 loss 0.0008  lr 6.26e-04  n_mobile 4
[train] ep 4233 step   25400 mode 1 loss 0.0014  lr 6.21e-04  n_mobile 4
[train] ep 4266 step   25600 mode 1 loss 0.0018  lr 6.16e-04  n_mobile 4
[train] ep 4300 step   25800 mode 1 loss 0.0008  lr 6.11e-04  n_mobile 4
[train] ep 4333 step   26000 mode 1 loss 0.0007  lr 6.05e-04  n_mobile 4
[train] ep 4366 step   26200 mode 1 loss 0.0012  lr 6.00e-04  n_mobile 4
[train] ep 4400 step   26400 mode 1 loss 0.0008  lr 5.95e-04  n_mobile 4
[train] ep 4433 step   26600 mode 1 loss 0.0006  lr 5.90e-04  n_mobile 4
[train] ep 4466 step   26800 mode 1 loss 0.0006  lr 5.85e-04  n_mobile 4
[train] ep 4500 step   27000 mode 1 loss 0.0007  lr 5.80e-04  n_mobile 4
[train] ep 4533 step   27200 mode 1 loss 0.0018  lr 5.74e-04  n_mobile 4
[train] ep 4566 step   27400 mode 1 loss 0.0005  lr 5.69e-04  n_mobile 4
[train] ep 4600 step   27600 mode 1 loss 0.0003  lr 5.64e-04  n_mobile 4
[train] ep 4633 step   27800 mode 1 loss 0.0007  lr 5.59e-04  n_mobile 4
[train] ep 4666 step   28000 mode 1 loss 0.0003  lr 5.54e-04  n_mobile 4
[train] ep 4700 step   28200 mode 1 loss 0.0008  lr 5.48e-04  n_mobile 4
[train] ep 4733 step   28400 mode 1 loss 0.0003  lr 5.43e-04  n_mobile 4
[train] ep 4766 step   28600 mode 1 loss 0.0009  lr 5.38e-04  n_mobile 4
[train] ep 4800 step   28800 mode 1 loss 0.0009  lr 5.33e-04  n_mobile 4
[train] ep 4833 step   29000 mode 1 loss 0.0002  lr 5.27e-04  n_mobile 4
[train] ep 4866 step   29200 mode 1 loss 0.0008  lr 5.22e-04  n_mobile 4
[train] ep 4900 step   29400 mode 1 loss 0.0015  lr 5.17e-04  n_mobile 4
[train] ep 4933 step   29600 mode 1 loss 0.0002  lr 5.12e-04  n_mobile 4
[train] ep 4966 step   29800 mode 1 loss 0.0005  lr 5.07e-04  n_mobile 4
WARNING:accelerate.utils.other:[RANK 0] Removed shared tensor {'backbone.film.mlp.0.weight', 'backbone.film.mlp.0.bias', 'backbone.film.mlp.2.weight', 'backbone.film.mlp.2.bias'} while saving. This should be OK, but check by verifying that you don't receive any warning while reloading
[train] saved checkpoint → examples/LiC/runs/mode1_v3/checkpoint_epoch_05000
[train] ep 5000 step   30000 mode 1 loss 0.0002  lr 5.01e-04  n_mobile 4
[train] ep 5033 step   30200 mode 1 loss 0.0005  lr 4.96e-04  n_mobile 4
[train] ep 5066 step   30400 mode 1 loss 0.0010  lr 4.91e-04  n_mobile 4
[train] ep 5100 step   30600 mode 1 loss 0.0003  lr 4.86e-04  n_mobile 4
[train] ep 5133 step   30800 mode 1 loss 0.0008  lr 4.80e-04  n_mobile 4
[train] ep 5166 step   31000 mode 1 loss 0.0003  lr 4.75e-04  n_mobile 4
[train] ep 5200 step   31200 mode 1 loss 0.0005  lr 4.70e-04  n_mobile 4
[train] ep 5233 step   31400 mode 1 loss 0.0004  lr 4.65e-04  n_mobile 4
[train] ep 5266 step   31600 mode 1 loss 0.0004  lr 4.59e-04  n_mobile 4
[train] ep 5300 step   31800 mode 1 loss 0.0002  lr 4.54e-04  n_mobile 4
[train] ep 5333 step   32000 mode 1 loss 0.0002  lr 4.49e-04  n_mobile 4
[train] ep 5366 step   32200 mode 1 loss 0.0003  lr 4.44e-04  n_mobile 4
[train] ep 5400 step   32400 mode 1 loss 0.0005  lr 4.39e-04  n_mobile 4
[train] ep 5433 step   32600 mode 1 loss 0.0005  lr 4.33e-04  n_mobile 4
[train] ep 5466 step   32800 mode 1 loss 0.0008  lr 4.28e-04  n_mobile 4
[train] ep 5500 step   33000 mode 1 loss 0.0001  lr 4.23e-04  n_mobile 4
[train] ep 5533 step   33200 mode 1 loss 0.0004  lr 4.18e-04  n_mobile 4
[train] ep 5566 step   33400 mode 1 loss 0.0001  lr 4.13e-04  n_mobile 4
[train] ep 5600 step   33600 mode 1 loss 0.0005  lr 4.07e-04  n_mobile 4
[train] ep 5633 step   33800 mode 1 loss 0.0009  lr 4.02e-04  n_mobile 4
[train] ep 5666 step   34000 mode 1 loss 0.0014  lr 3.97e-04  n_mobile 4
[train] ep 5700 step   34200 mode 1 loss 0.0012  lr 3.92e-04  n_mobile 4
[train] ep 5733 step   34400 mode 1 loss 0.0012  lr 3.87e-04  n_mobile 4
[train] ep 5766 step   34600 mode 1 loss 0.0005  lr 3.82e-04  n_mobile 4
[train] ep 5800 step   34800 mode 1 loss 0.0007  lr 3.77e-04  n_mobile 4
[train] ep 5833 step   35000 mode 1 loss 0.0005  lr 3.72e-04  n_mobile 4
[train] ep 5866 step   35200 mode 1 loss 0.0003  lr 3.67e-04  n_mobile 4
[train] ep 5900 step   35400 mode 1 loss 0.0002  lr 3.62e-04  n_mobile 4
[train] ep 5933 step   35600 mode 1 loss 0.0004  lr 3.56e-04  n_mobile 4
[train] ep 5966 step   35800 mode 1 loss 0.0003  lr 3.51e-04  n_mobile 4
WARNING:accelerate.utils.other:[RANK 0] Removed shared tensor {'backbone.film.mlp.0.weight', 'backbone.film.mlp.0.bias', 'backbone.film.mlp.2.weight', 'backbone.film.mlp.2.bias'} while saving. This should be OK, but check by verifying that you don't receive any warning while reloading
[train] saved checkpoint → examples/LiC/runs/mode1_v3/checkpoint_epoch_06000
[train] ep 6000 step   36000 mode 1 loss 0.0001  lr 3.46e-04  n_mobile 4
[train] ep 6033 step   36200 mode 1 loss 0.0005  lr 3.41e-04  n_mobile 4
[train] ep 6066 step   36400 mode 1 loss 0.0037  lr 3.37e-04  n_mobile 4
[train] ep 6100 step   36600 mode 1 loss 0.0013  lr 3.32e-04  n_mobile 4
[train] ep 6133 step   36800 mode 1 loss 0.0004  lr 3.27e-04  n_mobile 4
[train] ep 6166 step   37000 mode 1 loss 0.0002  lr 3.22e-04  n_mobile 4
[train] ep 6200 step   37200 mode 1 loss 0.0006  lr 3.17e-04  n_mobile 4
[train] ep 6233 step   37400 mode 1 loss 0.0002  lr 3.12e-04  n_mobile 4
[train] ep 6266 step   37600 mode 1 loss 0.0002  lr 3.07e-04  n_mobile 4
[train] ep 6300 step   37800 mode 1 loss 0.0001  lr 3.02e-04  n_mobile 4
[train] ep 6333 step   38000 mode 1 loss 0.0002  lr 2.97e-04  n_mobile 4
[train] ep 6366 step   38200 mode 1 loss 0.0001  lr 2.93e-04  n_mobile 4
[train] ep 6400 step   38400 mode 1 loss 0.0001  lr 2.88e-04  n_mobile 4
[train] ep 6433 step   38600 mode 1 loss 0.0004  lr 2.83e-04  n_mobile 4
[train] ep 6466 step   38800 mode 1 loss 0.0005  lr 2.78e-04  n_mobile 4
[train] ep 6500 step   39000 mode 1 loss 0.0001  lr 2.74e-04  n_mobile 4
[train] ep 6533 step   39200 mode 1 loss 0.0001  lr 2.69e-04  n_mobile 4
[train] ep 6566 step   39400 mode 1 loss 0.0005  lr 2.64e-04  n_mobile 4
[train] ep 6600 step   39600 mode 1 loss 0.0036  lr 2.60e-04  n_mobile 4
[train] ep 6633 step   39800 mode 1 loss 0.0006  lr 2.55e-04  n_mobile 4
[train] ep 6666 step   40000 mode 1 loss 0.0001  lr 2.51e-04  n_mobile 4
[train] ep 6700 step   40200 mode 1 loss 0.0004  lr 2.46e-04  n_mobile 4
[train] ep 6733 step   40400 mode 1 loss 0.0003  lr 2.42e-04  n_mobile 4
[train] ep 6766 step   40600 mode 1 loss 0.0003  lr 2.37e-04  n_mobile 4
[train] ep 6800 step   40800 mode 1 loss 0.0003  lr 2.33e-04  n_mobile 4
[train] ep 6833 step   41000 mode 1 loss 0.0009  lr 2.28e-04  n_mobile 4
[train] ep 6866 step   41200 mode 1 loss 0.0002  lr 2.24e-04  n_mobile 4
[train] ep 6900 step   41400 mode 1 loss 0.0003  lr 2.20e-04  n_mobile 4
[train] ep 6933 step   41600 mode 1 loss 0.0007  lr 2.15e-04  n_mobile 4
[train] ep 6966 step   41800 mode 1 loss 0.0003  lr 2.11e-04  n_mobile 4
WARNING:accelerate.utils.other:[RANK 0] Removed shared tensor {'backbone.film.mlp.0.weight', 'backbone.film.mlp.0.bias', 'backbone.film.mlp.2.weight', 'backbone.film.mlp.2.bias'} while saving. This should be OK, but check by verifying that you don't receive any warning while reloading
[train] saved checkpoint → examples/LiC/runs/mode1_v3/checkpoint_epoch_07000
[train] ep 7000 step   42000 mode 1 loss 0.0002  lr 2.07e-04  n_mobile 4
[train] ep 7033 step   42200 mode 1 loss 0.0006  lr 2.02e-04  n_mobile 4
[train] ep 7066 step   42400 mode 1 loss 0.0004  lr 1.98e-04  n_mobile 4
[train] ep 7100 step   42600 mode 1 loss 0.0001  lr 1.94e-04  n_mobile 4
[train] ep 7133 step   42800 mode 1 loss 0.0001  lr 1.90e-04  n_mobile 4
[train] ep 7166 step   43000 mode 1 loss 0.0002  lr 1.86e-04  n_mobile 4
[train] ep 7200 step   43200 mode 1 loss 0.0003  lr 1.82e-04  n_mobile 4
[train] ep 7233 step   43400 mode 1 loss 0.0002  lr 1.78e-04  n_mobile 4
[train] ep 7266 step   43600 mode 1 loss 0.0001  lr 1.74e-04  n_mobile 4
[train] ep 7300 step   43800 mode 1 loss 0.0007  lr 1.70e-04  n_mobile 4
[train] ep 7333 step   44000 mode 1 loss 0.0002  lr 1.66e-04  n_mobile 4
[train] ep 7366 step   44200 mode 1 loss 0.0004  lr 1.62e-04  n_mobile 4
[train] ep 7400 step   44400 mode 1 loss 0.0005  lr 1.58e-04  n_mobile 4
[train] ep 7433 step   44600 mode 1 loss 0.0001  lr 1.54e-04  n_mobile 4
[train] ep 7466 step   44800 mode 1 loss 0.0005  lr 1.51e-04  n_mobile 4
[train] ep 7500 step   45000 mode 1 loss 0.0002  lr 1.47e-04  n_mobile 4
[train] ep 7533 step   45200 mode 1 loss 0.0010  lr 1.43e-04  n_mobile 4
[train] ep 7566 step   45400 mode 1 loss 0.0002  lr 1.40e-04  n_mobile 4
[train] ep 7600 step   45600 mode 1 loss 0.0001  lr 1.36e-04  n_mobile 4
[train] ep 7633 step   45800 mode 1 loss 0.0009  lr 1.32e-04  n_mobile 4
[train] ep 7666 step   46000 mode 1 loss 0.0002  lr 1.29e-04  n_mobile 4
[train] ep 7700 step   46200 mode 1 loss 0.0002  lr 1.25e-04  n_mobile 4
[train] ep 7733 step   46400 mode 1 loss 0.0007  lr 1.22e-04  n_mobile 4
[train] ep 7766 step   46600 mode 1 loss 0.0001  lr 1.18e-04  n_mobile 4
[train] ep 7800 step   46800 mode 1 loss 0.0001  lr 1.15e-04  n_mobile 4
[train] ep 7833 step   47000 mode 1 loss 0.0006  lr 1.12e-04  n_mobile 4
[train] ep 7866 step   47200 mode 1 loss 0.0003  lr 1.08e-04  n_mobile 4
[train] ep 7900 step   47400 mode 1 loss 0.0004  lr 1.05e-04  n_mobile 4
[train] ep 7933 step   47600 mode 1 loss 0.0001  lr 1.02e-04  n_mobile 4
[train] ep 7966 step   47800 mode 1 loss 0.0002  lr 9.89e-05  n_mobile 4
WARNING:accelerate.utils.other:[RANK 0] Removed shared tensor {'backbone.film.mlp.0.weight', 'backbone.film.mlp.0.bias', 'backbone.film.mlp.2.weight', 'backbone.film.mlp.2.bias'} while saving. This should be OK, but check by verifying that you don't receive any warning while reloading
[train] saved checkpoint → examples/LiC/runs/mode1_v3/checkpoint_epoch_08000
[train] ep 8000 step   48000 mode 1 loss 0.0002  lr 9.58e-05  n_mobile 4
[train] ep 8033 step   48200 mode 1 loss 0.0003  lr 9.27e-05  n_mobile 4
[train] ep 8066 step   48400 mode 1 loss 0.0001  lr 8.97e-05  n_mobile 4
[train] ep 8100 step   48600 mode 1 loss 0.0002  lr 8.67e-05  n_mobile 4
[train] ep 8133 step   48800 mode 1 loss 0.0002  lr 8.38e-05  n_mobile 4
[train] ep 8166 step   49000 mode 1 loss 0.0007  lr 8.09e-05  n_mobile 4
[train] ep 8200 step   49200 mode 1 loss 0.0030  lr 7.81e-05  n_mobile 4
[train] ep 8233 step   49400 mode 1 loss 0.0013  lr 7.53e-05  n_mobile 4
[train] ep 8266 step   49600 mode 1 loss 0.0031  lr 7.25e-05  n_mobile 4
[train] ep 8300 step   49800 mode 1 loss 0.0001  lr 6.98e-05  n_mobile 4
[train] ep 8333 step   50000 mode 1 loss 0.0004  lr 6.72e-05  n_mobile 4
[train] ep 8366 step   50200 mode 1 loss 0.0014  lr 6.46e-05  n_mobile 4
[train] ep 8400 step   50400 mode 1 loss 0.0001  lr 6.20e-05  n_mobile 4
[train] ep 8433 step   50600 mode 1 loss 0.0001  lr 5.95e-05  n_mobile 4
[train] ep 8466 step   50800 mode 1 loss 0.0001  lr 5.71e-05  n_mobile 4
[train] ep 8500 step   51000 mode 1 loss 0.0014  lr 5.47e-05  n_mobile 4
[train] ep 8533 step   51200 mode 1 loss 0.0001  lr 5.23e-05  n_mobile 4
[train] ep 8566 step   51400 mode 1 loss 0.0003  lr 5.00e-05  n_mobile 4
[train] ep 8600 step   51600 mode 1 loss 0.0002  lr 4.77e-05  n_mobile 4
[train] ep 8633 step   51800 mode 1 loss 0.0002  lr 4.55e-05  n_mobile 4
[train] ep 8666 step   52000 mode 1 loss 0.0002  lr 4.34e-05  n_mobile 4
[train] ep 8700 step   52200 mode 1 loss 0.0004  lr 4.12e-05  n_mobile 4
[train] ep 8733 step   52400 mode 1 loss 0.0002  lr 3.92e-05  n_mobile 4
[train] ep 8766 step   52600 mode 1 loss 0.0002  lr 3.72e-05  n_mobile 4
[train] ep 8800 step   52800 mode 1 loss 0.0001  lr 3.52e-05  n_mobile 4
[train] ep 8833 step   53000 mode 1 loss 0.0001  lr 3.33e-05  n_mobile 4
[train] ep 8866 step   53200 mode 1 loss 0.0004  lr 3.15e-05  n_mobile 4
[train] ep 8900 step   53400 mode 1 loss 0.0019  lr 2.96e-05  n_mobile 4
[train] ep 8933 step   53600 mode 1 loss 0.0001  lr 2.79e-05  n_mobile 4
[train] ep 8966 step   53800 mode 1 loss 0.0002  lr 2.62e-05  n_mobile 4
WARNING:accelerate.utils.other:[RANK 0] Removed shared tensor {'backbone.film.mlp.0.weight', 'backbone.film.mlp.0.bias', 'backbone.film.mlp.2.weight', 'backbone.film.mlp.2.bias'} while saving. This should be OK, but check by verifying that you don't receive any warning while reloading
[train] saved checkpoint → examples/LiC/runs/mode1_v3/checkpoint_epoch_09000
[train] ep 9000 step   54000 mode 1 loss 0.0001  lr 2.45e-05  n_mobile 4
[train] ep 9033 step   54200 mode 1 loss 0.0003  lr 2.29e-05  n_mobile 4
[train] ep 9066 step   54400 mode 1 loss 0.0002  lr 2.14e-05  n_mobile 4
[train] ep 9100 step   54600 mode 1 loss 0.0005  lr 1.99e-05  n_mobile 4
[train] ep 9133 step   54800 mode 1 loss 0.0016  lr 1.85e-05  n_mobile 4
[train] ep 9166 step   55000 mode 1 loss 0.0001  lr 1.71e-05  n_mobile 4
[train] ep 9200 step   55200 mode 1 loss 0.0007  lr 1.58e-05  n_mobile 4
[train] ep 9233 step   55400 mode 1 loss 0.0002  lr 1.45e-05  n_mobile 4
[train] ep 9266 step   55600 mode 1 loss 0.0002  lr 1.32e-05  n_mobile 4
[train] ep 9300 step   55800 mode 1 loss 0.0001  lr 1.21e-05  n_mobile 4
[train] ep 9333 step   56000 mode 1 loss 0.0001  lr 1.10e-05  n_mobile 4
[train] ep 9366 step   56200 mode 1 loss 0.0001  lr 1.00e-05  n_mobile 4
[train] ep 9400 step   56400 mode 1 loss 0.0002  lr 1.00e-05  n_mobile 4
[train] ep 9433 step   56600 mode 1 loss 0.0006  lr 1.00e-05  n_mobile 4
[train] ep 9466 step   56800 mode 1 loss 0.0002  lr 1.00e-05  n_mobile 4
[train] ep 9500 step   57000 mode 1 loss 0.0006  lr 1.00e-05  n_mobile 4
[train] ep 9533 step   57200 mode 1 loss 0.0001  lr 1.00e-05  n_mobile 4
[train] ep 9566 step   57400 mode 1 loss 0.0001  lr 1.00e-05  n_mobile 4
[train] ep 9600 step   57600 mode 1 loss 0.0001  lr 1.00e-05  n_mobile 4
[train] ep 9633 step   57800 mode 1 loss 0.0000  lr 1.00e-05  n_mobile 4
[train] ep 9666 step   58000 mode 1 loss 0.0001  lr 1.00e-05  n_mobile 4
[train] ep 9700 step   58200 mode 1 loss 0.0004  lr 1.00e-05  n_mobile 4
[train] ep 9733 step   58400 mode 1 loss 0.0002  lr 1.00e-05  n_mobile 4
[train] ep 9766 step   58600 mode 1 loss 0.0001  lr 1.00e-05  n_mobile 4
[train] ep 9800 step   58800 mode 1 loss 0.0005  lr 1.00e-05  n_mobile 4
[train] ep 9833 step   59000 mode 1 loss 0.0001  lr 1.00e-05  n_mobile 4
[train] ep 9866 step   59200 mode 1 loss 0.0002  lr 1.00e-05  n_mobile 4
[train] ep 9900 step   59400 mode 1 loss 0.0001  lr 1.00e-05  n_mobile 4
[train] ep 9933 step   59600 mode 1 loss 0.0001  lr 1.00e-05  n_mobile 4
[train] ep 9966 step   59800 mode 1 loss 0.0018  lr 1.00e-05  n_mobile 4
WARNING:accelerate.utils.other:[RANK 0] Removed shared tensor {'backbone.film.mlp.0.weight', 'backbone.film.mlp.0.bias', 'backbone.film.mlp.2.weight', 'backbone.film.mlp.2.bias'} while saving. This should be OK, but check by verifying that you don't receive any warning while reloading
[train] saved checkpoint → examples/LiC/runs/mode1_v3/checkpoint_epoch_10000
WARNING:accelerate.utils.other:[RANK 0] Removed shared tensor {'backbone.film.mlp.0.weight', 'backbone.film.mlp.0.bias', 'backbone.film.mlp.2.weight', 'backbone.film.mlp.2.bias'} while saving. This should be OK, but check by verifying that you don't receive any warning while reloading
[train] saved checkpoint → examples/LiC/runs/mode1_v3/checkpoint_final
[train] done. total time 250.94 min
