[viz/all] checkpoint cfg: mode=1  attn_layers=0  head_depth=3  delta_endpoint_channels=32
[viz/all] loading triplets …
[viz/all] 12 train + 171 test triplets
[viz/all] built 366 records (each triplet → 2 directions)
[viz/all] force injection ON — loaded UMA force head
[viz/all] 1 checkpoint(s) to render: ['checkpoint_epoch_03000']

[viz/all] === checkpoint_epoch_03000  (ema) ===
[viz/all]   Li-to-ref-saddle distance: median=0.035 Å  P95=17.106 Å  max=19.582 Å
[viz/all]   wrote trajectories_K25_ema.png  (1377.1s total: load 0.2s, integrate 1375.9s, plot 1.0s)

[viz/all] === checkpoint_epoch_03000  (raw) ===
[viz/all]   Li-to-ref-saddle distance: median=0.033 Å  P95=17.096 Å  max=19.568 Å
[viz/all]   wrote trajectories_K25_raw.png  (1383.2s total: load 6.1s, integrate 1376.0s, plot 1.0s)

=== timing summary ===
checkpoint                       load   integrate     plot    total
checkpoint_epoch_03000/ema        0.2s      1375.9s      1.0s   1377.1s
checkpoint_epoch_03000/raw        6.1s      1376.0s      1.0s   1383.2s
[viz/all] checkpoint cfg: mode=1  attn_layers=0  head_depth=3  delta_endpoint_channels=32
[viz/all] loading triplets …
[viz/all] 12 train + 171 test triplets
[viz/all] built 366 records (each triplet → 2 directions)
[viz/all] force injection ON — loaded UMA force head
[viz/all] 1 checkpoint(s) to render: ['checkpoint_epoch_07000']

[viz/all] === checkpoint_epoch_07000  (ema) ===
[viz/all]   Li-to-ref-saddle distance: median=0.036 Å  P95=17.104 Å  max=19.582 Å
[viz/all]   wrote trajectories_K25_ema.png  (1378.6s total: load 0.3s, integrate 1377.3s, plot 1.0s)

[viz/all] === checkpoint_epoch_07000  (raw) ===
[viz/all]   Li-to-ref-saddle distance: median=0.039 Å  P95=17.111 Å  max=19.590 Å
[viz/all]   wrote trajectories_K25_raw.png  (1377.4s total: load 0.3s, integrate 1376.1s, plot 1.0s)

=== timing summary ===
checkpoint                       load   integrate     plot    total
checkpoint_epoch_07000/ema        0.3s      1377.3s      1.0s   1378.6s
checkpoint_epoch_07000/raw        0.3s      1376.1s      1.0s   1377.4s
