Traceback (most recent call last):
  File "/home/ilgar/code/SaddleGen/examples/LiC/visualize_mode1_all.py", line 486, in <module>
    main()
  File "/home/ilgar/code/SaddleGen/examples/LiC/visualize_mode1_all.py", line 373, in main
    arch = architecture_from_config(run_dir)
           ^^^^^^^^^^^^^^^^^^^^^^^^^^^^^^^^^
  File "/home/ilgar/code/SaddleGen/examples/LiC/visualize_mode1_all.py", line 87, in architecture_from_config
    raise FileNotFoundError(f"missing {cfg_path} — rebuilding the architecture needs it.")
FileNotFoundError: missing examples/LiC/runs/mode1_v3/config.json — rebuilding the architecture needs it.
[viz/all] checkpoint cfg: mode=1  attn_layers=0  head_depth=3  delta_endpoint_channels=32
[viz/all] loading triplets …
[viz/all] 12 train + 171 test triplets
[viz/all] built 366 records (each triplet → 2 directions)
[viz/all] force injection ON — loaded UMA force head
no checkpoints with ema.pt found under examples/LiC/runs/mode1_v3 matching 'checkpoint_final'
[viz/all] checkpoint cfg: mode=1  attn_layers=0  head_depth=3  delta_endpoint_channels=32
[viz/all] loading triplets …
[viz/all] 12 train + 171 test triplets
[viz/all] built 366 records (each triplet → 2 directions)
[viz/all] force injection ON — loaded UMA force head
[viz/all] 1 checkpoint(s) to render: ['checkpoint_final']

[viz/all] === checkpoint_final  (ema) ===
[viz/all]   Li-to-ref-saddle distance: median=0.036 Å  P95=17.105 Å  max=19.584 Å
[viz/all]   wrote trajectories_K25_ema.png  (1375.7s total: load 0.3s, integrate 1374.4s, plot 1.0s)

[viz/all] === checkpoint_final  (raw) ===
[viz/all]   Li-to-ref-saddle distance: median=0.036 Å  P95=17.106 Å  max=19.584 Å
[viz/all]   wrote trajectories_K25_raw.png  (1371.0s total: load 0.3s, integrate 1369.8s, plot 1.0s)

=== timing summary ===
checkpoint                       load   integrate     plot    total
checkpoint_final/ema              0.3s      1374.4s      1.0s   1375.7s
checkpoint_final/raw              0.3s      1369.8s      1.0s   1371.0s
